# JRE version: Java(TM) SE Runtime Environment (8.0-b132) (build 1.8.0-b132)
# Java VM: Java HotSpot(TM) 64-Bit Server VM (25.0-b70 mixed mode bsd-amd64 compressed oops)
Heap:
 PSYoungGen      total 232960K, used 60697K [0x00000007b0000000, 0x00000007c0000000, 0x00000007c0000000)
  eden space 204800K, 20% used [0x00000007b0000000,0x00000007b29c3230,0x00000007bc800000)
  from space 28160K, 63% used [0x00000007be480000,0x00000007bf6031e8,0x00000007c0000000)
  to   space 28672K, 0% used [0x00000007bc800000,0x00000007bc800000,0x00000007be400000)
 ParOldGen       total 524288K, used 82390K [0x0000000790000000, 0x00000007b0000000, 0x00000007b0000000)
  object space 524288K, 15% used [0x0000000790000000,0x0000000795075a78,0x00000007b0000000)
 Metaspace       used 64723K, capacity 67252K, committed 67524K, reserved 1107968K
  class space    used 8503K, capacity 9372K, committed 9472K, reserved 1048576K
GC Heap History (10 events):
Event: 28.327 GC heap before
{Heap before GC invocations=41 (full 3):
 PSYoungGen      total 231424K, used 207346K [0x00000007b0000000, 0x00000007c0000000, 0x00000007c0000000)
  eden space 200704K, 100% used [0x00000007b0000000,0x00000007bc400000,0x00000007bc400000)
  from space 30720K, 21% used [0x00000007bc400000,0x00000007bca7cb00,0x00000007be200000)
  to   space 30720K, 0% used [0x00000007be200000,0x00000007be200000,0x00000007c0000000)
 ParOldGen       total 524288K, used 75309K [0x0000000790000000, 0x00000007b0000000, 0x00000007b0000000)
  object space 524288K, 14% used [0x0000000790000000,0x000000079498b7c8,0x00000007b0000000)
 Metaspace       used 60727K, capacity 62522K, committed 62788K, reserved 1103872K
  class space    used 7839K, capacity 8465K, committed 8576K, reserved 1048576K
Event: 28.337 GC heap after
Heap after GC invocations=41 (full 3):
 PSYoungGen      total 231424K, used 3938K [0x00000007b0000000, 0x00000007c0000000, 0x00000007c0000000)
  eden space 200704K, 0% used [0x00000007b0000000,0x00000007b0000000,0x00000007bc400000)
  from space 30720K, 12% used [0x00000007be200000,0x00000007be5d8af8,0x00000007c0000000)
  to   space 30720K, 0% used [0x00000007bc400000,0x00000007bc400000,0x00000007be200000)
 ParOldGen       total 524288K, used 78866K [0x0000000790000000, 0x00000007b0000000, 0x00000007b0000000)
  object space 524288K, 15% used [0x0000000790000000,0x0000000794d04848,0x00000007b0000000)
 Metaspace       used 60727K, capacity 62522K, committed 62788K, reserved 1103872K
  class space    used 7839K, capacity 8465K, committed 8576K, reserved 1048576K
}
Event: 36.205 GC heap before
{Heap before GC invocations=42 (full 3):
 PSYoungGen      total 231424K, used 204642K [0x00000007b0000000, 0x00000007c0000000, 0x00000007c0000000)
  eden space 200704K, 100% used [0x00000007b0000000,0x00000007bc400000,0x00000007bc400000)
  from space 30720K, 12% used [0x00000007be200000,0x00000007be5d8af8,0x00000007c0000000)
  to   space 30720K, 0% used [0x00000007bc400000,0x00000007bc400000,0x00000007be200000)
 ParOldGen       total 524288K, used 78866K [0x0000000790000000, 0x00000007b0000000, 0x00000007b0000000)
  object space 524288K, 15% used [0x0000000790000000,0x0000000794d04848,0x00000007b0000000)
 Metaspace       used 61535K, capacity 63568K, committed 63812K, reserved 1103872K
  class space    used 8008K, capacity 8744K, committed 8832K, reserved 1048576K
Event: 36.214 GC heap after
Heap after GC invocations=42 (full 3):
 PSYoungGen      total 231424K, used 2983K [0x00000007b0000000, 0x00000007c0000000, 0x00000007c0000000)
  eden space 200704K, 0% used [0x00000007b0000000,0x00000007b0000000,0x00000007bc400000)
  from space 30720K, 9% used [0x00000007bc400000,0x00000007bc6e9f78,0x00000007be200000)
  to   space 30720K, 0% used [0x00000007be200000,0x00000007be200000,0x00000007c0000000)
 ParOldGen       total 524288K, used 82374K [0x0000000790000000, 0x00000007b0000000, 0x00000007b0000000)
  object space 524288K, 15% used [0x0000000790000000,0x0000000795071a78,0x00000007b0000000)
 Metaspace       used 61535K, capacity 63568K, committed 63812K, reserved 1103872K
  class space    used 8008K, capacity 8744K, committed 8832K, reserved 1048576K
}
Event: 47.773 GC heap before
{Heap before GC invocations=43 (full 3):
 PSYoungGen      total 231424K, used 203687K [0x00000007b0000000, 0x00000007c0000000, 0x00000007c0000000)
  eden space 200704K, 100% used [0x00000007b0000000,0x00000007bc400000,0x00000007bc400000)
  from space 30720K, 9% used [0x00000007bc400000,0x00000007bc6e9f78,0x00000007be200000)
  to   space 30720K, 0% used [0x00000007be200000,0x00000007be200000,0x00000007c0000000)
 ParOldGen       total 524288K, used 82374K [0x0000000790000000, 0x00000007b0000000, 0x00000007b0000000)
  object space 524288K, 15% used [0x0000000790000000,0x0000000795071a78,0x00000007b0000000)
 Metaspace       used 63027K, capacity 65162K, committed 65220K, reserved 1105920K
  class space    used 8155K, capacity 8907K, committed 8960K, reserved 1048576K
Event: 47.788 GC heap after
Heap after GC invocations=43 (full 3):
 PSYoungGen      total 232960K, used 12839K [0x00000007b0000000, 0x00000007c0000000, 0x00000007c0000000)
  eden space 202240K, 0% used [0x00000007b0000000,0x00000007b0000000,0x00000007bc580000)
  from space 30720K, 41% used [0x00000007be200000,0x00000007bee89d28,0x00000007c0000000)
  to   space 29184K, 0% used [0x00000007bc580000,0x00000007bc580000,0x00000007be200000)
 ParOldGen       total 524288K, used 82382K [0x0000000790000000, 0x00000007b0000000, 0x00000007b0000000)
  object space 524288K, 15% used [0x0000000790000000,0x0000000795073a78,0x00000007b0000000)
 Metaspace       used 63027K, capacity 65162K, committed 65220K, reserved 1105920K
  class space    used 8155K, capacity 8907K, committed 8960K, reserved 1048576K
}
Event: 48.354 GC heap before
{Heap before GC invocations=44 (full 3):
 PSYoungGen      total 232960K, used 215079K [0x00000007b0000000, 0x00000007c0000000, 0x00000007c0000000)
  eden space 202240K, 100% used [0x00000007b0000000,0x00000007bc580000,0x00000007bc580000)
  from space 30720K, 41% used [0x00000007be200000,0x00000007bee89d28,0x00000007c0000000)
  to   space 29184K, 0% used [0x00000007bc580000,0x00000007bc580000,0x00000007be200000)
 ParOldGen       total 524288K, used 82382K [0x0000000790000000, 0x00000007b0000000, 0x00000007b0000000)
  object space 524288K, 15% used [0x0000000790000000,0x0000000795073a78,0x00000007b0000000)
 Metaspace       used 63762K, capacity 65942K, committed 66116K, reserved 1105920K
  class space    used 8279K, capacity 9046K, committed 9088K, reserved 1048576K
Event: 48.368 GC heap after
Heap after GC invocations=44 (full 3):
 PSYoungGen      total 231424K, used 14186K [0x00000007b0000000, 0x00000007c0000000, 0x00000007c0000000)
  eden space 202240K, 0% used [0x00000007b0000000,0x00000007b0000000,0x00000007bc580000)
  from space 29184K, 48% used [0x00000007bc580000,0x00000007bd35aa98,0x00000007be200000)
  to   space 28160K, 0% used [0x00000007be480000,0x00000007be480000,0x00000007c0000000)
 ParOldGen       total 524288K, used 82382K [0x0000000790000000, 0x00000007b0000000, 0x00000007b0000000)
  object space 524288K, 15% used [0x0000000790000000,0x0000000795073a78,0x00000007b0000000)
 Metaspace       used 63762K, capacity 65942K, committed 66116K, reserved 1105920K
  class space    used 8279K, capacity 9046K, committed 9088K, reserved 1048576K
}
Event: 49.092 GC heap before
{Heap before GC invocations=45 (full 3):
 PSYoungGen      total 231424K, used 216426K [0x00000007b0000000, 0x00000007c0000000, 0x00000007c0000000)
  eden space 202240K, 100% used [0x00000007b0000000,0x00000007bc580000,0x00000007bc580000)
  from space 29184K, 48% used [0x00000007bc580000,0x00000007bd35aa98,0x00000007be200000)
  to   space 28160K, 0% used [0x00000007be480000,0x00000007be480000,0x00000007c0000000)
 ParOldGen       total 524288K, used 82382K [0x0000000790000000, 0x00000007b0000000, 0x00000007b0000000)
  object space 524288K, 15% used [0x0000000790000000,0x0000000795073a78,0x00000007b0000000)
 Metaspace       used 64473K, capacity 66868K, committed 67140K, reserved 1107968K
  class space    used 8428K, capacity 9266K, committed 9344K, reserved 1048576K
Event: 49.110 GC heap after
Heap after GC invocations=45 (full 3):
 PSYoungGen      total 232960K, used 17932K [0x00000007b0000000, 0x00000007c0000000, 0x00000007c0000000)
  eden space 204800K, 0% used [0x00000007b0000000,0x00000007b0000000,0x00000007bc800000)
  from space 28160K, 63% used [0x00000007be480000,0x00000007bf6031e8,0x00000007c0000000)
  to   space 28672K, 0% used [0x00000007bc800000,0x00000007bc800000,0x00000007be400000)
 ParOldGen       total 524288K, used 82390K [0x0000000790000000, 0x00000007b0000000, 0x00000007b0000000)
  object space 524288K, 15% used [0x0000000790000000,0x0000000795075a78,0x00000007b0000000)
 Metaspace       used 64473K, capacity 66868K, committed 67140K, reserved 1107968K
  class space    used 8428K, capacity 9266K, committed 9344K, reserved 1048576K
}

